{
 "cells": [
  {
   "cell_type": "code",
   "execution_count": 1,
   "metadata": {},
   "outputs": [
    {
     "name": "stdout",
     "output_type": "stream",
     "text": [
      "Collecting roboflow\n",
      "  Downloading roboflow-1.1.49-py3-none-any.whl.metadata (9.7 kB)\n",
      "Requirement already satisfied: certifi in c:\\python312\\lib\\site-packages (from roboflow) (2024.8.30)\n",
      "Collecting idna==3.7 (from roboflow)\n",
      "  Downloading idna-3.7-py3-none-any.whl.metadata (9.9 kB)\n",
      "Requirement already satisfied: cycler in c:\\python312\\lib\\site-packages (from roboflow) (0.12.1)\n",
      "Requirement already satisfied: kiwisolver>=1.3.1 in c:\\python312\\lib\\site-packages (from roboflow) (1.4.5)\n",
      "Requirement already satisfied: matplotlib in c:\\python312\\lib\\site-packages (from roboflow) (3.9.0)\n",
      "Requirement already satisfied: numpy>=1.18.5 in c:\\python312\\lib\\site-packages (from roboflow) (2.0.0)\n",
      "Collecting opencv-python-headless==4.10.0.84 (from roboflow)\n",
      "  Downloading opencv_python_headless-4.10.0.84-cp37-abi3-win_amd64.whl.metadata (20 kB)\n",
      "Requirement already satisfied: Pillow>=7.1.2 in c:\\python312\\lib\\site-packages (from roboflow) (10.3.0)\n",
      "Requirement already satisfied: python-dateutil in c:\\python312\\lib\\site-packages (from roboflow) (2.9.0.post0)\n",
      "Collecting python-dotenv (from roboflow)\n",
      "  Downloading python_dotenv-1.0.1-py3-none-any.whl.metadata (23 kB)\n",
      "Requirement already satisfied: requests in c:\\python312\\lib\\site-packages (from roboflow) (2.32.3)\n",
      "Requirement already satisfied: six in c:\\python312\\lib\\site-packages (from roboflow) (1.16.0)\n",
      "Requirement already satisfied: urllib3>=1.26.6 in c:\\python312\\lib\\site-packages (from roboflow) (2.2.3)\n",
      "Requirement already satisfied: tqdm>=4.41.0 in c:\\python312\\lib\\site-packages (from roboflow) (4.67.0)\n",
      "Requirement already satisfied: PyYAML>=5.3.1 in c:\\python312\\lib\\site-packages (from roboflow) (6.0.2)\n",
      "Collecting requests-toolbelt (from roboflow)\n",
      "  Downloading requests_toolbelt-1.0.0-py2.py3-none-any.whl.metadata (14 kB)\n",
      "Collecting filetype (from roboflow)\n",
      "  Downloading filetype-1.2.0-py2.py3-none-any.whl.metadata (6.5 kB)\n",
      "Requirement already satisfied: colorama in c:\\python312\\lib\\site-packages (from tqdm>=4.41.0->roboflow) (0.4.6)\n",
      "Requirement already satisfied: contourpy>=1.0.1 in c:\\python312\\lib\\site-packages (from matplotlib->roboflow) (1.2.1)\n",
      "Requirement already satisfied: fonttools>=4.22.0 in c:\\python312\\lib\\site-packages (from matplotlib->roboflow) (4.53.0)\n",
      "Requirement already satisfied: packaging>=20.0 in c:\\python312\\lib\\site-packages (from matplotlib->roboflow) (24.1)\n",
      "Requirement already satisfied: pyparsing>=2.3.1 in c:\\python312\\lib\\site-packages (from matplotlib->roboflow) (3.1.2)\n",
      "Requirement already satisfied: charset-normalizer<4,>=2 in c:\\python312\\lib\\site-packages (from requests->roboflow) (3.4.0)\n",
      "Downloading roboflow-1.1.49-py3-none-any.whl (80 kB)\n",
      "   ---------------------------------------- 0.0/80.9 kB ? eta -:--:--\n",
      "   ---------------------------------------- 80.9/80.9 kB 2.3 MB/s eta 0:00:00\n",
      "Downloading idna-3.7-py3-none-any.whl (66 kB)\n",
      "   ---------------------------------------- 0.0/66.8 kB ? eta -:--:--\n",
      "   ---------------------------------------- 66.8/66.8 kB 3.5 MB/s eta 0:00:00\n",
      "Downloading opencv_python_headless-4.10.0.84-cp37-abi3-win_amd64.whl (38.8 MB)\n",
      "   ---------------------------------------- 0.0/38.8 MB ? eta -:--:--\n",
      "    --------------------------------------- 0.7/38.8 MB 47.1 MB/s eta 0:00:01\n",
      "   -- ------------------------------------- 2.1/38.8 MB 26.7 MB/s eta 0:00:02\n",
      "   --- ------------------------------------ 3.2/38.8 MB 25.7 MB/s eta 0:00:02\n",
      "   ---- ----------------------------------- 4.5/38.8 MB 28.9 MB/s eta 0:00:02\n",
      "   ----- ---------------------------------- 5.6/38.8 MB 25.7 MB/s eta 0:00:02\n",
      "   ------- -------------------------------- 7.0/38.8 MB 24.8 MB/s eta 0:00:02\n",
      "   -------- ------------------------------- 8.2/38.8 MB 26.3 MB/s eta 0:00:02\n",
      "   --------- ------------------------------ 9.2/38.8 MB 26.7 MB/s eta 0:00:02\n",
      "   --------- ------------------------------ 9.2/38.8 MB 26.7 MB/s eta 0:00:02\n",
      "   ---------- ----------------------------- 10.0/38.8 MB 22.1 MB/s eta 0:00:02\n",
      "   ------------ --------------------------- 12.3/38.8 MB 25.1 MB/s eta 0:00:02\n",
      "   ------------ --------------------------- 12.3/38.8 MB 25.1 MB/s eta 0:00:02\n",
      "   --------------- ------------------------ 15.0/38.8 MB 24.2 MB/s eta 0:00:01\n",
      "   ------------------ --------------------- 17.5/38.8 MB 28.5 MB/s eta 0:00:01\n",
      "   ------------------- -------------------- 19.1/38.8 MB 29.7 MB/s eta 0:00:01\n",
      "   -------------------- ------------------- 20.3/38.8 MB 38.5 MB/s eta 0:00:01\n",
      "   ---------------------- ----------------- 21.8/38.8 MB 34.4 MB/s eta 0:00:01\n",
      "   ----------------------- ---------------- 22.9/38.8 MB 38.5 MB/s eta 0:00:01\n",
      "   ------------------------ --------------- 23.7/38.8 MB 36.4 MB/s eta 0:00:01\n",
      "   ------------------------ --------------- 24.2/38.8 MB 31.2 MB/s eta 0:00:01\n",
      "   ------------------------- -------------- 24.7/38.8 MB 28.4 MB/s eta 0:00:01\n",
      "   -------------------------- ------------- 25.5/38.8 MB 26.2 MB/s eta 0:00:01\n",
      "   --------------------------- ------------ 26.2/38.8 MB 24.3 MB/s eta 0:00:01\n",
      "   ---------------------------- ----------- 27.2/38.8 MB 21.8 MB/s eta 0:00:01\n",
      "   ----------------------------- ---------- 28.6/38.8 MB 21.8 MB/s eta 0:00:01\n",
      "   ------------------------------- -------- 30.4/38.8 MB 22.6 MB/s eta 0:00:01\n",
      "   -------------------------------- ------- 31.1/38.8 MB 20.5 MB/s eta 0:00:01\n",
      "   --------------------------------- ------ 32.4/38.8 MB 19.9 MB/s eta 0:00:01\n",
      "   ---------------------------------- ----- 33.6/38.8 MB 20.5 MB/s eta 0:00:01\n",
      "   ----------------------------------- ---- 34.4/38.8 MB 21.8 MB/s eta 0:00:01\n",
      "   ------------------------------------ --- 35.3/38.8 MB 23.4 MB/s eta 0:00:01\n",
      "   ------------------------------------- -- 36.7/38.8 MB 25.2 MB/s eta 0:00:01\n",
      "   -------------------------------------- - 37.6/38.8 MB 26.2 MB/s eta 0:00:01\n",
      "   ---------------------------------------  38.1/38.8 MB 23.4 MB/s eta 0:00:01\n",
      "   ---------------------------------------  38.7/38.8 MB 22.6 MB/s eta 0:00:01\n",
      "   ---------------------------------------  38.7/38.8 MB 22.6 MB/s eta 0:00:01\n",
      "   ---------------------------------------  38.7/38.8 MB 22.6 MB/s eta 0:00:01\n",
      "   ---------------------------------------  38.7/38.8 MB 22.6 MB/s eta 0:00:01\n",
      "   ---------------------------------------  38.7/38.8 MB 22.6 MB/s eta 0:00:01\n",
      "   ---------------------------------------  38.7/38.8 MB 22.6 MB/s eta 0:00:01\n",
      "   ---------------------------------------  38.7/38.8 MB 22.6 MB/s eta 0:00:01\n",
      "   ---------------------------------------  38.7/38.8 MB 22.6 MB/s eta 0:00:01\n",
      "   ---------------------------------------  38.7/38.8 MB 22.6 MB/s eta 0:00:01\n",
      "   ---------------------------------------  38.7/38.8 MB 22.6 MB/s eta 0:00:01\n",
      "   ---------------------------------------  38.7/38.8 MB 22.6 MB/s eta 0:00:01\n",
      "   ---------------------------------------  38.7/38.8 MB 22.6 MB/s eta 0:00:01\n",
      "   ---------------------------------------- 38.8/38.8 MB 10.4 MB/s eta 0:00:00\n",
      "Downloading filetype-1.2.0-py2.py3-none-any.whl (19 kB)\n",
      "Downloading python_dotenv-1.0.1-py3-none-any.whl (19 kB)\n",
      "Downloading requests_toolbelt-1.0.0-py2.py3-none-any.whl (54 kB)\n",
      "   ---------------------------------------- 0.0/54.5 kB ? eta -:--:--\n",
      "   ---------------------------------------- 54.5/54.5 kB 2.8 MB/s eta 0:00:00\n",
      "Installing collected packages: filetype, python-dotenv, opencv-python-headless, idna, requests-toolbelt, roboflow\n",
      "  Attempting uninstall: idna\n",
      "    Found existing installation: idna 3.10\n",
      "    Uninstalling idna-3.10:\n",
      "      Successfully uninstalled idna-3.10\n",
      "Successfully installed filetype-1.2.0 idna-3.7 opencv-python-headless-4.10.0.84 python-dotenv-1.0.1 requests-toolbelt-1.0.0 roboflow-1.1.49\n"
     ]
    },
    {
     "name": "stderr",
     "output_type": "stream",
     "text": [
      "\n",
      "[notice] A new release of pip is available: 24.0 -> 24.3.1\n",
      "[notice] To update, run: python.exe -m pip install --upgrade pip\n"
     ]
    },
    {
     "name": "stdout",
     "output_type": "stream",
     "text": [
      "loading Roboflow workspace...\n",
      "loading Roboflow project...\n"
     ]
    },
    {
     "name": "stderr",
     "output_type": "stream",
     "text": [
      "Downloading Dataset Version Zip in football-players-detection-1 to yolov5pytorch:: 100%|██████████| 148663/148663 [00:12<00:00, 11504.56it/s]"
     ]
    },
    {
     "name": "stdout",
     "output_type": "stream",
     "text": [
      "\n"
     ]
    },
    {
     "name": "stderr",
     "output_type": "stream",
     "text": [
      "\n",
      "Extracting Dataset Version Zip to football-players-detection-1 in yolov5pytorch:: 100%|██████████| 1338/1338 [00:04<00:00, 299.66it/s]\n"
     ]
    }
   ],
   "source": [
    "!pip install roboflow\n",
    "\n",
    "from roboflow import Roboflow\n",
    "rf = Roboflow(api_key=\"MrazUj9UtXqw9GApSl0z\")\n",
    "project = rf.workspace(\"roboflow-jvuqo\").project(\"football-players-detection-3zvbc\")\n",
    "version = project.version(1)\n",
    "dataset = version.download(\"yolov5\")\n",
    "                "
   ]
  },
  {
   "cell_type": "code",
   "execution_count": 3,
   "metadata": {},
   "outputs": [
    {
     "name": "stdout",
     "output_type": "stream",
     "text": [
      "PRO TIP 💡 Replace 'model=yolov5x.pt' with new 'model=yolov5xu.pt'.\n",
      "YOLOv5 'u' models are trained with https://github.com/ultralytics/ultralytics and feature improved performance vs standard YOLOv5 models trained with https://github.com/ultralytics/yolov5.\n",
      "\n",
      "Downloading https://github.com/ultralytics/assets/releases/download/v8.3.0/yolov5xu.pt to 'yolov5xu.pt'...\n",
      "Ultralytics 8.3.36 🚀 Python-3.12.3 torch-2.5.1+cpu CPU (11th Gen Intel Core(TM) i7-1185G7 3.00GHz)\n",
      "\u001b[34m\u001b[1mengine\\trainer: \u001b[0mtask=detect, mode=train, model=yolov5x.pt, data=c:\\Users\\subin\\OneDrive\\Desktop\\Football_Tracking\\training\\football-players-detection-1/data.yaml, epochs=100, time=None, patience=100, batch=16, imgsz=640, save=True, save_period=-1, cache=False, device=None, workers=8, project=None, name=train, exist_ok=False, pretrained=True, optimizer=auto, verbose=True, seed=0, deterministic=True, single_cls=False, rect=False, cos_lr=False, close_mosaic=10, resume=False, amp=True, fraction=1.0, profile=False, freeze=None, multi_scale=False, overlap_mask=True, mask_ratio=4, dropout=0.0, val=True, split=val, save_json=False, save_hybrid=False, conf=None, iou=0.7, max_det=300, half=False, dnn=False, plots=True, source=None, vid_stride=1, stream_buffer=False, visualize=False, augment=False, agnostic_nms=False, classes=None, retina_masks=False, embed=None, show=False, save_frames=False, save_txt=False, save_conf=False, save_crop=False, show_labels=True, show_conf=True, show_boxes=True, line_width=None, format=torchscript, keras=False, optimize=False, int8=False, dynamic=False, simplify=True, opset=None, workspace=4, nms=False, lr0=0.01, lrf=0.01, momentum=0.937, weight_decay=0.0005, warmup_epochs=3.0, warmup_momentum=0.8, warmup_bias_lr=0.1, box=7.5, cls=0.5, dfl=1.5, pose=12.0, kobj=1.0, label_smoothing=0.0, nbs=64, hsv_h=0.015, hsv_s=0.7, hsv_v=0.4, degrees=0.0, translate=0.1, scale=0.5, shear=0.0, perspective=0.0, flipud=0.0, fliplr=0.5, bgr=0.0, mosaic=1.0, mixup=0.0, copy_paste=0.0, copy_paste_mode=flip, auto_augment=randaugment, erasing=0.4, crop_fraction=1.0, cfg=None, tracker=botsort.yaml, save_dir=runs\\detect\\train\n"
     ]
    },
    {
     "name": "stderr",
     "output_type": "stream",
     "text": [
      "\n",
      "  0%|          | 0.00/186M [00:00<?, ?B/s]\n",
      "  1%|          | 1.38M/186M [00:00<00:14, 13.8MB/s]\n",
      "  2%|▏         | 3.00M/186M [00:00<00:12, 15.3MB/s]\n",
      "  3%|▎         | 4.88M/186M [00:00<00:11, 16.1MB/s]\n",
      "  3%|▎         | 6.50M/186M [00:00<00:12, 15.5MB/s]\n",
      "  5%|▍         | 8.62M/186M [00:00<00:10, 17.6MB/s]\n",
      "  6%|▌         | 11.5M/186M [00:00<00:08, 21.2MB/s]\n",
      "  8%|▊         | 14.1M/186M [00:00<00:07, 22.7MB/s]\n",
      "  9%|▉         | 17.0M/186M [00:00<00:07, 24.8MB/s]\n",
      " 10%|█         | 19.5M/186M [00:01<00:08, 19.9MB/s]\n",
      " 13%|█▎        | 23.6M/186M [00:01<00:06, 25.5MB/s]\n",
      " 14%|█▍        | 26.2M/186M [00:01<00:06, 25.3MB/s]\n",
      " 16%|█▌        | 29.1M/186M [00:01<00:06, 26.5MB/s]\n",
      " 17%|█▋        | 31.9M/186M [00:01<00:06, 26.6MB/s]\n",
      " 19%|█▊        | 34.5M/186M [00:01<00:06, 26.5MB/s]\n",
      " 20%|█▉        | 37.1M/186M [00:01<00:06, 23.6MB/s]\n",
      " 21%|██▏       | 39.8M/186M [00:01<00:06, 24.2MB/s]\n",
      " 23%|██▎       | 42.4M/186M [00:01<00:06, 25.0MB/s]\n",
      " 24%|██▍       | 45.1M/186M [00:02<00:05, 25.5MB/s]\n",
      " 26%|██▌       | 47.6M/186M [00:02<00:05, 25.4MB/s]\n",
      " 27%|██▋       | 50.8M/186M [00:02<00:05, 26.5MB/s]\n",
      " 29%|██▊       | 53.4M/186M [00:02<00:05, 25.4MB/s]\n",
      " 30%|███       | 55.9M/186M [00:02<00:05, 24.3MB/s]\n",
      " 32%|███▏      | 59.1M/186M [00:02<00:04, 26.9MB/s]\n",
      " 34%|███▎      | 62.5M/186M [00:02<00:04, 28.9MB/s]\n",
      " 35%|███▌      | 65.6M/186M [00:02<00:04, 29.4MB/s]\n",
      " 37%|███▋      | 68.5M/186M [00:02<00:04, 27.2MB/s]\n",
      " 38%|███▊      | 71.2M/186M [00:03<00:04, 26.8MB/s]\n",
      " 40%|███▉      | 73.9M/186M [00:03<00:04, 25.9MB/s]\n",
      " 41%|████      | 76.5M/186M [00:03<00:04, 25.9MB/s]\n",
      " 42%|████▏     | 79.0M/186M [00:03<00:04, 26.0MB/s]\n",
      " 44%|████▍     | 81.5M/186M [00:03<00:04, 23.7MB/s]\n",
      " 45%|████▌     | 83.9M/186M [00:03<00:04, 23.2MB/s]\n",
      " 46%|████▋     | 86.1M/186M [00:03<00:04, 21.2MB/s]\n",
      " 47%|████▋     | 88.2M/186M [00:03<00:04, 20.7MB/s]\n",
      " 48%|████▊     | 90.2M/186M [00:03<00:04, 20.7MB/s]\n",
      " 50%|████▉     | 92.6M/186M [00:04<00:04, 21.4MB/s]\n",
      " 51%|█████     | 95.1M/186M [00:04<00:04, 22.6MB/s]\n",
      " 52%|█████▏    | 97.6M/186M [00:04<00:03, 23.2MB/s]\n",
      " 54%|█████▍    | 100M/186M [00:04<00:03, 24.2MB/s] \n",
      " 55%|█████▌    | 103M/186M [00:04<00:03, 24.6MB/s]\n",
      " 56%|█████▋    | 105M/186M [00:04<00:03, 23.1MB/s]\n",
      " 58%|█████▊    | 107M/186M [00:04<00:03, 21.2MB/s]\n",
      " 59%|█████▉    | 110M/186M [00:04<00:04, 18.0MB/s]\n",
      " 60%|█████▉    | 111M/186M [00:05<00:05, 15.5MB/s]\n",
      " 61%|██████    | 113M/186M [00:05<00:04, 15.5MB/s]\n",
      " 62%|██████▏   | 115M/186M [00:05<00:04, 15.1MB/s]\n",
      " 63%|██████▎   | 117M/186M [00:05<00:04, 16.7MB/s]\n",
      " 64%|██████▎   | 119M/186M [00:05<00:04, 16.0MB/s]\n",
      " 65%|██████▍   | 120M/186M [00:05<00:05, 13.2MB/s]\n",
      " 66%|██████▌   | 122M/186M [00:05<00:04, 15.4MB/s]\n",
      " 67%|██████▋   | 125M/186M [00:05<00:03, 18.0MB/s]\n",
      " 69%|██████▊   | 128M/186M [00:06<00:03, 19.9MB/s]\n",
      " 70%|██████▉   | 130M/186M [00:06<00:03, 19.6MB/s]\n",
      " 71%|███████   | 132M/186M [00:06<00:02, 21.6MB/s]\n",
      " 72%|███████▏  | 135M/186M [00:06<00:02, 21.3MB/s]\n",
      " 73%|███████▎  | 137M/186M [00:06<00:02, 21.6MB/s]\n",
      " 75%|███████▍  | 139M/186M [00:06<00:02, 21.6MB/s]\n",
      " 76%|███████▌  | 141M/186M [00:06<00:02, 21.4MB/s]\n",
      " 77%|███████▋  | 144M/186M [00:06<00:02, 22.2MB/s]\n",
      " 78%|███████▊  | 146M/186M [00:06<00:01, 22.3MB/s]\n",
      " 80%|███████▉  | 148M/186M [00:07<00:02, 17.6MB/s]\n",
      " 82%|████████▏ | 153M/186M [00:07<00:01, 24.5MB/s]\n",
      " 83%|████████▎ | 155M/186M [00:07<00:01, 23.4MB/s]\n",
      " 85%|████████▍ | 158M/186M [00:07<00:01, 20.8MB/s]\n",
      " 86%|████████▌ | 160M/186M [00:07<00:01, 21.4MB/s]\n",
      " 87%|████████▋ | 162M/186M [00:12<00:14, 1.76MB/s]\n",
      " 88%|████████▊ | 164M/186M [00:23<00:43, 532kB/s] \n",
      " 88%|████████▊ | 164M/186M [00:24<00:44, 517kB/s]\n",
      " 89%|████████▊ | 165M/186M [00:31<01:03, 348kB/s]\n",
      " 89%|████████▉ | 166M/186M [00:34<01:04, 327kB/s]\n",
      " 90%|████████▉ | 167M/186M [00:37<01:08, 297kB/s]\n",
      " 90%|████████▉ | 167M/186M [00:39<01:08, 290kB/s]\n",
      " 90%|█████████ | 168M/186M [00:42<01:16, 256kB/s]\n",
      " 90%|█████████ | 168M/186M [00:43<01:14, 257kB/s]\n",
      " 90%|█████████ | 168M/186M [00:44<01:09, 273kB/s]\n",
      " 90%|█████████ | 168M/186M [00:44<01:08, 277kB/s]\n",
      " 90%|█████████ | 168M/186M [00:44<01:08, 271kB/s]\n",
      " 90%|█████████ | 168M/186M [00:45<01:17, 239kB/s]\n",
      " 91%|█████████ | 168M/186M [00:46<01:26, 213kB/s]\n",
      " 91%|█████████ | 169M/186M [00:47<01:34, 194kB/s]\n",
      " 91%|█████████ | 169M/186M [00:48<01:30, 200kB/s]\n",
      " 91%|█████████ | 169M/186M [00:48<01:26, 209kB/s]\n",
      " 91%|█████████ | 169M/186M [00:49<01:21, 220kB/s]\n",
      " 91%|█████████ | 169M/186M [00:50<01:29, 199kB/s]\n",
      " 91%|█████████ | 169M/186M [00:50<01:22, 215kB/s]\n",
      " 91%|█████████ | 169M/186M [00:51<01:12, 241kB/s]\n",
      " 91%|█████████ | 170M/186M [00:51<01:07, 258kB/s]\n",
      " 91%|█████████ | 170M/186M [00:52<01:09, 249kB/s]\n",
      " 91%|█████████ | 170M/186M [00:52<01:08, 249kB/s]\n",
      " 91%|█████████▏| 170M/186M [00:53<01:08, 250kB/s]\n",
      " 91%|█████████▏| 170M/186M [00:53<01:09, 241kB/s]\n",
      " 92%|█████████▏| 172M/186M [00:53<00:10, 1.46MB/s]\n",
      " 93%|█████████▎| 174M/186M [00:53<00:04, 3.12MB/s]\n",
      " 94%|█████████▍| 175M/186M [00:54<00:02, 4.73MB/s]\n",
      " 95%|█████████▍| 177M/186M [00:54<00:01, 6.26MB/s]\n",
      " 96%|█████████▌| 178M/186M [00:54<00:00, 8.43MB/s]\n",
      " 97%|█████████▋| 180M/186M [00:54<00:00, 10.0MB/s]\n",
      " 98%|█████████▊| 182M/186M [00:54<00:00, 11.5MB/s]\n",
      " 99%|█████████▊| 184M/186M [00:54<00:00, 13.2MB/s]\n",
      "100%|█████████▉| 186M/186M [00:54<00:00, 14.7MB/s]\n",
      "100%|██████████| 186M/186M [00:54<00:00, 3.57MB/s]\n",
      "Traceback (most recent call last):\n",
      "  File \"C:\\Python312\\Lib\\site-packages\\ultralytics\\engine\\trainer.py\", line 562, in get_dataset\n",
      "    data = check_det_dataset(self.args.data)\n",
      "           ^^^^^^^^^^^^^^^^^^^^^^^^^^^^^^^^^\n",
      "  File \"C:\\Python312\\Lib\\site-packages\\ultralytics\\data\\utils.py\", line 269, in check_det_dataset\n",
      "    file = check_file(dataset)\n",
      "           ^^^^^^^^^^^^^^^^^^^\n",
      "  File \"C:\\Python312\\Lib\\site-packages\\ultralytics\\utils\\checks.py\", line 520, in check_file\n",
      "    raise FileNotFoundError(f\"'{file}' does not exist\")\n",
      "FileNotFoundError: 'c:\\Users\\subin\\OneDrive\\Desktop\\Football_Tracking\\training\\football-players-detection-1/data.yaml' does not exist\n",
      "\n",
      "The above exception was the direct cause of the following exception:\n",
      "\n",
      "Traceback (most recent call last):\n",
      "  File \"<frozen runpy>\", line 198, in _run_module_as_main\n",
      "  File \"<frozen runpy>\", line 88, in _run_code\n",
      "  File \"C:\\Python312\\Scripts\\yolo.exe\\__main__.py\", line 7, in <module>\n",
      "  File \"C:\\Python312\\Lib\\site-packages\\ultralytics\\cfg\\__init__.py\", line 969, in entrypoint\n",
      "    getattr(model, mode)(**overrides)  # default args from model\n",
      "    ^^^^^^^^^^^^^^^^^^^^^^^^^^^^^^^^^\n",
      "  File \"C:\\Python312\\Lib\\site-packages\\ultralytics\\engine\\model.py\", line 796, in train\n",
      "    self.trainer = (trainer or self._smart_load(\"trainer\"))(overrides=args, _callbacks=self.callbacks)\n",
      "                   ^^^^^^^^^^^^^^^^^^^^^^^^^^^^^^^^^^^^^^^^^^^^^^^^^^^^^^^^^^^^^^^^^^^^^^^^^^^^^^^^^^^\n",
      "  File \"C:\\Python312\\Lib\\site-packages\\ultralytics\\engine\\trainer.py\", line 133, in __init__\n",
      "    self.trainset, self.testset = self.get_dataset()\n",
      "                                  ^^^^^^^^^^^^^^^^^^\n",
      "  File \"C:\\Python312\\Lib\\site-packages\\ultralytics\\engine\\trainer.py\", line 566, in get_dataset\n",
      "    raise RuntimeError(emojis(f\"Dataset '{clean_url(self.args.data)}' error ❌ {e}\")) from e\n",
      "RuntimeError: Dataset 'c://Users/subin/OneDrive/Desktop/Football_Tracking/training/football-players-detection-1/data.yaml' error  'c:\\Users\\subin\\OneDrive\\Desktop\\Football_Tracking\\training\\football-players-detection-1/data.yaml' does not exist\n"
     ]
    }
   ],
   "source": [
    "#results in class id value, bounding box values\n",
    "\n",
    "!yolo task = detect mode = train model= yolov5x.pt data={dataset.location}/data.yaml epochs=100 imgsz=640"
   ]
  }
 ],
 "metadata": {
  "kernelspec": {
   "display_name": "Python 3",
   "language": "python",
   "name": "python3"
  },
  "language_info": {
   "codemirror_mode": {
    "name": "ipython",
    "version": 3
   },
   "file_extension": ".py",
   "mimetype": "text/x-python",
   "name": "python",
   "nbconvert_exporter": "python",
   "pygments_lexer": "ipython3",
   "version": "3.12.3"
  }
 },
 "nbformat": 4,
 "nbformat_minor": 2
}
